Determining if the pthread_create exist failed with the following output:
Change Dir: /home/swastik/catkin_ws/src/agv_task/build/CMakeFiles/CMakeTmp

Run Build Command:/usr/bin/make "cmTryCompileExec827287063/fast"
/usr/bin/make -f CMakeFiles/cmTryCompileExec827287063.dir/build.make CMakeFiles/cmTryCompileExec827287063.dir/build
make[1]: Entering directory `/home/swastik/catkin_ws/src/agv_task/build/CMakeFiles/CMakeTmp'
/usr/bin/cmake -E cmake_progress_report /home/swastik/catkin_ws/src/agv_task/build/CMakeFiles/CMakeTmp/CMakeFiles 1
Building C object CMakeFiles/cmTryCompileExec827287063.dir/CheckSymbolExists.c.o
/usr/bin/cc    -o CMakeFiles/cmTryCompileExec827287063.dir/CheckSymbolExists.c.o   -c /home/swastik/catkin_ws/src/agv_task/build/CMakeFiles/CMakeTmp/CheckSymbolExists.c
Linking C executable cmTryCompileExec827287063
/usr/bin/cmake -E cmake_link_script CMakeFiles/cmTryCompileExec827287063.dir/link.txt --verbose=1
/usr/bin/cc       CMakeFiles/cmTryCompileExec827287063.dir/CheckSymbolExists.c.o  -o cmTryCompileExec827287063 -rdynamic 
CMakeFiles/cmTryCompileExec827287063.dir/CheckSymbolExists.c.o: In function `main':
CheckSymbolExists.c:(.text+0xa): undefined reference to `pthread_create'
collect2: error: ld returned 1 exit status
make[1]: *** [cmTryCompileExec827287063] Error 1
make[1]: Leaving directory `/home/swastik/catkin_ws/src/agv_task/build/CMakeFiles/CMakeTmp'
make: *** [cmTryCompileExec827287063/fast] Error 2

File /home/swastik/catkin_ws/src/agv_task/build/CMakeFiles/CMakeTmp/CheckSymbolExists.c:
/* */
#include <pthread.h>

int main(int argc, char** argv)
{
  (void)argv;
#ifndef pthread_create
  return ((int*)(&pthread_create))[argc];
#else
  (void)argc;
  return 0;
#endif
}

Determining if the function pthread_create exists in the pthreads failed with the following output:
Change Dir: /home/swastik/catkin_ws/src/agv_task/build/CMakeFiles/CMakeTmp

Run Build Command:/usr/bin/make "cmTryCompileExec1579757243/fast"
/usr/bin/make -f CMakeFiles/cmTryCompileExec1579757243.dir/build.make CMakeFiles/cmTryCompileExec1579757243.dir/build
make[1]: Entering directory `/home/swastik/catkin_ws/src/agv_task/build/CMakeFiles/CMakeTmp'
/usr/bin/cmake -E cmake_progress_report /home/swastik/catkin_ws/src/agv_task/build/CMakeFiles/CMakeTmp/CMakeFiles 1
Building C object CMakeFiles/cmTryCompileExec1579757243.dir/CheckFunctionExists.c.o
/usr/bin/cc   -DCHECK_FUNCTION_EXISTS=pthread_create   -o CMakeFiles/cmTryCompileExec1579757243.dir/CheckFunctionExists.c.o   -c /usr/share/cmake-2.8/Modules/CheckFunctionExists.c
Linking C executable cmTryCompileExec1579757243
/usr/bin/cmake -E cmake_link_script CMakeFiles/cmTryCompileExec1579757243.dir/link.txt --verbose=1
/usr/bin/cc   -DCHECK_FUNCTION_EXISTS=pthread_create    CMakeFiles/cmTryCompileExec1579757243.dir/CheckFunctionExists.c.o  -o cmTryCompileExec1579757243 -rdynamic -lpthreads 
/usr/bin/ld: cannot find -lpthreads
collect2: error: ld returned 1 exit status
make[1]: *** [cmTryCompileExec1579757243] Error 1
make[1]: Leaving directory `/home/swastik/catkin_ws/src/agv_task/build/CMakeFiles/CMakeTmp'
make: *** [cmTryCompileExec1579757243/fast] Error 2


